<?xml version="1.0" encoding="UTF-8"?>
<!-- Generated by org.testng.reporters.JUnitReportReporter -->
<testsuite hostname="DESKTOP-JL3SFV8" failures="0" tests="1" name="com.sample.crud.withBDDtest.SampleTestForReadTest" time="2.007" errors="0" timestamp="2024-07-10T11:24:43 IST" skipped="0">
  <testcase classname="com.sample.crud.withBDDtest.SampleTestForReadTest" name="getDataFromServer" time="2.007"/>
</testsuite> <!-- com.sample.crud.withBDDtest.SampleTestForReadTest -->
