<?xml version="1.0" encoding="UTF-8"?>
<!-- Generated by org.testng.reporters.JUnitReportReporter -->
<testsuite hostname="DESKTOP-JL3SFV8" failures="0" tests="1" name="requestChaining.Scenario_3_GetPayroolInfo" time="2.903" errors="0" timestamp="2024-07-13T10:43:48 IST" skipped="0">
  <testcase classname="requestChaining.Scenario_3_GetPayroolInfo" name="sampleTest" time="2.903"/>
</testsuite> <!-- requestChaining.Scenario_3_GetPayroolInfo -->
