<?xml version="1.0" encoding="UTF-8"?>
<!-- Generated by org.testng.reporters.JUnitReportReporter -->
<testsuite hostname="DESKTOP-JL3SFV8" failures="0" tests="1" name="practice.Run1" time="0.011" errors="0" timestamp="2024-07-08T18:17:23 IST" skipped="0">
  <testcase classname="practice.Run1" name="sampleTest" time="0.011"/>
</testsuite> <!-- practice.Run1 -->
