<?xml version="1.0" encoding="UTF-8"?>
<!-- Generated by org.testng.reporters.JUnitReportReporter -->
<testsuite hostname="DESKTOP-JL3SFV8" failures="0" tests="1" name="requestChaining.Scenario_1_Delete_Project" time="3.561" errors="0" timestamp="2024-07-13T09:30:54 IST" skipped="0">
  <testcase classname="requestChaining.Scenario_1_Delete_Project" name="postDataToServer" time="3.561"/>
</testsuite> <!-- requestChaining.Scenario_1_Delete_Project -->
