<?xml version="1.0" encoding="UTF-8"?>
<!-- Generated by org.testng.reporters.JUnitReportReporter -->
<testsuite hostname="DESKTOP-JL3SFV8" failures="0" tests="1" name="com.sample.crud.withBDDtest.SampleTestForCompleteUpdateTest" time="2.215" errors="0" timestamp="2024-07-10T12:32:22 IST" skipped="0">
  <testcase classname="com.sample.crud.withBDDtest.SampleTestForCompleteUpdateTest" name="postDataToServer" time="2.215"/>
</testsuite> <!-- com.sample.crud.withBDDtest.SampleTestForCompleteUpdateTest -->
