<?xml version="1.0" encoding="UTF-8"?>
<!-- Generated by org.testng.reporters.JUnitReportReporter -->
<testsuite hostname="DESKTOP-JL3SFV8" failures="0" tests="1" name="authTest.BasicAuthTest" time="3.292" errors="0" timestamp="2024-07-13T14:55:06 IST" skipped="0">
  <testcase classname="authTest.BasicAuthTest" name="sampleTest" time="3.292"/>
</testsuite> <!-- authTest.BasicAuthTest -->
