<?xml version="1.0" encoding="UTF-8"?>
<!-- Generated by org.testng.reporters.JUnitReportReporter -->
<testsuite hostname="DESKTOP-JL3SFV8" failures="0" tests="1" name="practice.ResponseValidation.VerifyData_complexJsonxpath" time="1.823" errors="0" timestamp="2024-07-12T15:27:53 IST" skipped="0">
  <testcase classname="practice.ResponseValidation.VerifyData_complexJsonxpath" name="sampleTest" time="1.823"/>
</testsuite> <!-- practice.ResponseValidation.VerifyData_complexJsonxpath -->
