<?xml version="1.0" encoding="UTF-8"?>
<!-- Generated by org.testng.reporters.JUnitReportReporter -->
<testsuite hostname="DESKTOP-JL3SFV8" failures="0" tests="1" name="com.sample.crud.withoutBdd.SampleTestForReadTest" time="2.116" errors="0" timestamp="2024-07-09T17:30:11 IST" skipped="0">
  <testcase classname="com.sample.crud.withoutBdd.SampleTestForReadTest" name="getDataFromServer" time="2.116"/>
</testsuite> <!-- com.sample.crud.withoutBdd.SampleTestForReadTest -->
