<?xml version="1.0" encoding="UTF-8"?>
<!-- Generated by org.testng.reporters.JUnitReportReporter -->
<testsuite hostname="DESKTOP-JL3SFV8" failures="0" tests="1" name="practice.ResponseValidation.VerifyResponseHeaderTest" time="2.240" errors="0" timestamp="2024-07-11T13:11:45 IST" skipped="0">
  <testcase classname="practice.ResponseValidation.VerifyResponseHeaderTest" name="verifyHeader" time="2.240"/>
</testsuite> <!-- practice.ResponseValidation.VerifyResponseHeaderTest -->
