<?xml version="1.0" encoding="UTF-8"?>
<!-- Generated by org.testng.reporters.JUnitReportReporter -->
<testsuite hostname="DESKTOP-JL3SFV8" failures="0" tests="1" name="practice.PostRequestTypes.Post_Req_Via_HashMap" time="2.333" errors="0" timestamp="2024-07-11T10:25:16 IST" skipped="0">
  <testcase classname="practice.PostRequestTypes.Post_Req_Via_HashMap" name="postDataToServer" time="2.333"/>
</testsuite> <!-- practice.PostRequestTypes.Post_Req_Via_HashMap -->
