<?xml version="1.0" encoding="UTF-8"?>
<!-- Generated by org.testng.reporters.JUnitReportReporter -->
<testsuite hostname="DESKTOP-JL3SFV8" failures="0" tests="1" name="com.sample.crud.withoutBdd.SampleTestForDeleteTest" time="2.933" errors="0" timestamp="2024-07-10T10:47:26 IST" skipped="0">
  <testcase classname="com.sample.crud.withoutBdd.SampleTestForDeleteTest" name="deleteDataToServer" time="2.933"/>
</testsuite> <!-- com.sample.crud.withoutBdd.SampleTestForDeleteTest -->
