<?xml version="1.0" encoding="UTF-8"?>
<!-- Generated by org.testng.reporters.JUnitReportReporter -->
<testsuite hostname="DESKTOP-JL3SFV8" failures="0" tests="1" name="practice.ResponseValidation.VerifyResponseHeaderTest2" time="1.963" errors="0" timestamp="2024-07-11T14:53:13 IST" skipped="0">
  <testcase classname="practice.ResponseValidation.VerifyResponseHeaderTest2" name="verifyHeader" time="1.963"/>
</testsuite> <!-- practice.ResponseValidation.VerifyResponseHeaderTest2 -->
