<?xml version="1.0" encoding="UTF-8"?>
<!-- Generated by org.testng.reporters.JUnitReportReporter -->
<testsuite hostname="DESKTOP-JL3SFV8" failures="0" tests="1" name="authTest.BearerTokenAuthTest" time="1.719" errors="0" timestamp="2024-07-13T15:53:36 IST" skipped="0">
  <testcase classname="authTest.BearerTokenAuthTest" name="sampleTest" time="1.719"/>
</testsuite> <!-- authTest.BearerTokenAuthTest -->
