<?xml version="1.0" encoding="UTF-8"?>
<!-- Generated by org.testng.reporters.JUnitReportReporter -->
<testsuite hostname="DESKTOP-JL3SFV8" failures="0" tests="1" name="pac1.SampleTest" time="2.439" errors="0" timestamp="2024-07-08T16:17:43 IST" skipped="0">
  <testcase classname="pac1.SampleTest" name="sampleGetReqTest" time="2.439"/>
</testsuite> <!-- pac1.SampleTest -->
