<?xml version="1.0" encoding="UTF-8"?>
<!-- Generated by org.testng.reporters.JUnitReportReporter -->
<testsuite hostname="DESKTOP-JL3SFV8" failures="0" tests="1" name="practice.SampleTestUsingMtdChainingTest" time="4.984" errors="0" timestamp="2024-07-09T13:23:33 IST" skipped="0">
  <testcase classname="practice.SampleTestUsingMtdChainingTest" name="getRequestTest" time="4.984"/>
</testsuite> <!-- practice.SampleTestUsingMtdChainingTest -->
