<?xml version="1.0" encoding="UTF-8"?>
<!-- Generated by org.testng.reporters.JUnitReportReporter -->
<testsuite hostname="DESKTOP-JL3SFV8" failures="0" tests="1" name="practice.PostRequestTypes.Post_Req_Via_POJO_classTest" time="3.394" errors="0" timestamp="2024-07-12T17:04:16 IST" skipped="0">
  <testcase classname="practice.PostRequestTypes.Post_Req_Via_POJO_classTest" name="postDataToServer" time="3.394"/>
</testsuite> <!-- practice.PostRequestTypes.Post_Req_Via_POJO_classTest -->
