<?xml version="1.0" encoding="UTF-8"?>
<!-- Generated by org.testng.reporters.JUnitReportReporter -->
<testsuite hostname="DESKTOP-JL3SFV8" failures="0" tests="1" name="types_Of_Parameters.PathParameterTest" time="1.649" errors="0" timestamp="2024-10-07T11:40:30 IST" skipped="0">
  <testcase classname="types_Of_Parameters.PathParameterTest" name="sampleTest" time="1.649"/>
</testsuite> <!-- types_Of_Parameters.PathParameterTest -->
