<?xml version="1.0" encoding="UTF-8"?>
<!-- Generated by org.testng.reporters.JUnitReportReporter -->
<testsuite hostname="DESKTOP-JL3SFV8" failures="0" tests="1" name="com.sample.crud.withoutBdd.SampleTestForCompleteUpdateTest" time="1.989" errors="0" timestamp="2024-07-10T10:28:49 IST" skipped="0">
  <testcase classname="com.sample.crud.withoutBdd.SampleTestForCompleteUpdateTest" name="postDataToServer" time="1.989"/>
</testsuite> <!-- com.sample.crud.withoutBdd.SampleTestForCompleteUpdateTest -->
