<?xml version="1.0" encoding="UTF-8"?>
<!-- Generated by org.testng.reporters.JUnitReportReporter -->
<testsuite hostname="DESKTOP-JL3SFV8" failures="0" tests="1" name="practice.PostRequestTypes.Post_Req_Via_JsonFile" time="2.096" errors="0" timestamp="2024-07-11T10:39:25 IST" skipped="0">
  <testcase classname="practice.PostRequestTypes.Post_Req_Via_JsonFile" name="postDataToServer" time="2.096"/>
</testsuite> <!-- practice.PostRequestTypes.Post_Req_Via_JsonFile -->
