<?xml version="1.0" encoding="UTF-8"?>
<!-- Generated by org.testng.reporters.JUnitReportReporter -->
<testsuite hostname="DESKTOP-JL3SFV8" failures="0" tests="1" name="com.sample.crud.withBDDtest.SampleTestForCreateTest" time="2.242" errors="0" timestamp="2024-07-15T10:27:11 IST" skipped="0">
  <testcase classname="com.sample.crud.withBDDtest.SampleTestForCreateTest" name="postDataToServer" time="2.242"/>
</testsuite> <!-- com.sample.crud.withBDDtest.SampleTestForCreateTest -->
