<?xml version="1.0" encoding="UTF-8"?>
<!-- Generated by org.testng.reporters.JUnitReportReporter -->
<testsuite hostname="DESKTOP-JL3SFV8" failures="0" tests="1" name="authTest.PremtiveAuthTest" time="3.368" errors="0" timestamp="2024-07-13T14:59:36 IST" skipped="0">
  <testcase classname="authTest.PremtiveAuthTest" name="sampleTest" time="3.368"/>
</testsuite> <!-- authTest.PremtiveAuthTest -->
