<?xml version="1.0" encoding="UTF-8"?>
<!-- Generated by org.testng.reporters.JUnitReportReporter -->
<testsuite hostname="DESKTOP-JL3SFV8" failures="0" tests="1" name="requestChaining.Scenario_2_AddEmployeToProject" time="3.538" errors="0" timestamp="2024-07-13T10:01:59 IST" skipped="0">
  <testcase classname="requestChaining.Scenario_2_AddEmployeToProject" name="sampleTest" time="3.538"/>
</testsuite> <!-- requestChaining.Scenario_2_AddEmployeToProject -->
