<?xml version="1.0" encoding="UTF-8"?>
<!-- Generated by org.testng.reporters.JUnitReportReporter -->
<testsuite hostname="DESKTOP-JL3SFV8" failures="0" tests="9" name="dataDrivenTesting.AddMultipleProjTest" time="4.874" errors="0" timestamp="2024-07-15T11:02:35 IST" skipped="0">
  <testcase classname="dataDrivenTesting.AddMultipleProjTest" name="sampleTest" time="0.305"/>
  <testcase classname="dataDrivenTesting.AddMultipleProjTest" name="sampleTest" time="0.346"/>
  <testcase classname="dataDrivenTesting.AddMultipleProjTest" name="sampleTest" time="0.307"/>
  <testcase classname="dataDrivenTesting.AddMultipleProjTest" name="sampleTest" time="0.409"/>
  <testcase classname="dataDrivenTesting.AddMultipleProjTest" name="sampleTest" time="2.089"/>
  <testcase classname="dataDrivenTesting.AddMultipleProjTest" name="sampleTest" time="0.408"/>
  <testcase classname="dataDrivenTesting.AddMultipleProjTest" name="sampleTest" time="0.305"/>
  <testcase classname="dataDrivenTesting.AddMultipleProjTest" name="sampleTest" time="0.300"/>
  <testcase classname="dataDrivenTesting.AddMultipleProjTest" name="sampleTest" time="0.405"/>
</testsuite> <!-- dataDrivenTesting.AddMultipleProjTest -->
