<?xml version="1.0" encoding="UTF-8"?>
<!-- Generated by org.testng.reporters.JUnitReportReporter -->
<testsuite hostname="DESKTOP-JL3SFV8" failures="0" tests="1" name="com.sample.crud.withoutBdd.SampleTestForCreateTest" time="2.110" errors="0" timestamp="2024-07-10T10:42:14 IST" skipped="0">
  <testcase classname="com.sample.crud.withoutBdd.SampleTestForCreateTest" name="postDataToServer" time="2.110"/>
</testsuite> <!-- com.sample.crud.withoutBdd.SampleTestForCreateTest -->
