<?xml version="1.0" encoding="UTF-8"?>
<!-- Generated by org.testng.reporters.JUnitReportReporter -->
<testsuite hostname="DESKTOP-JL3SFV8" failures="0" tests="1" name="types_Of_Parameters.QueryParameterTest" time="1.832" errors="0" timestamp="2024-09-02T14:45:07 IST" skipped="0">
  <testcase classname="types_Of_Parameters.QueryParameterTest" name="sampleTest" time="1.832"/>
</testsuite> <!-- types_Of_Parameters.QueryParameterTest -->
