<?xml version="1.0" encoding="UTF-8"?>
<!-- Generated by org.testng.reporters.JUnitReportReporter -->
<testsuite hostname="DESKTOP-JL3SFV8" failures="0" tests="1" name="authTest.DigestiveAuthTest" time="3.641" errors="0" timestamp="2024-07-13T14:57:41 IST" skipped="0">
  <testcase classname="authTest.DigestiveAuthTest" name="sampleTest" time="3.641"/>
</testsuite> <!-- authTest.DigestiveAuthTest -->
